2026-04-02 21:24:03 [INFO    ] ares — 
============================================================
  ARES ENVANTER BAŞLADI
  Zaman   : 02.04.2026 21:24:03
  Sistem  : Windows 10
  Python  : 3.11.9
  Klasör  : C:\AresEnvanter
============================================================
2026-04-02 21:24:05 [INFO    ] ares — UIWatchdog başlatıldı (eşik: 8.0s)
2026-04-02 21:29:57 [INFO    ] ares — Uygulama kapatıldı (kod: 0)
2026-04-02 21:30:01 [INFO    ] ares — 
============================================================
  ARES ENVANTER BAŞLADI
  Zaman   : 02.04.2026 21:30:01
  Sistem  : Windows 10
  Python  : 3.11.9
  Klasör  : C:\AresEnvanter
============================================================
2026-04-02 21:30:03 [INFO    ] ares — UIWatchdog başlatıldı (eşik: 8.0s)
2026-04-02 21:30:22 [WARNING ] ares — UI DONMASI TESPİT EDİLDİ! 8.3 saniyedir yanıt yok (Don #1)
2026-04-02 21:30:23 [WARNING ] ares — UI DONMASI TESPİT EDİLDİ! 9.6 saniyedir yanıt yok (Don #2)
2026-04-02 21:30:24 [WARNING ] ares — UI DONMASI TESPİT EDİLDİ! 11.0 saniyedir yanıt yok (Don #3)
2026-04-02 21:30:26 [WARNING ] ares — UI DONMASI TESPİT EDİLDİ! 12.3 saniyedir yanıt yok (Don #4)
2026-04-02 21:30:27 [WARNING ] ares — UI DONMASI TESPİT EDİLDİ! 13.7 saniyedir yanıt yok (Don #5)
2026-04-02 21:30:28 [WARNING ] ares — UI DONMASI TESPİT EDİLDİ! 15.1 saniyedir yanıt yok (Don #6)
2026-04-02 21:30:30 [WARNING ] ares — UI DONMASI TESPİT EDİLDİ! 16.4 saniyedir yanıt yok (Don #7)
2026-04-02 21:30:31 [WARNING ] ares — UI DONMASI TESPİT EDİLDİ! 17.7 saniyedir yanıt yok (Don #8)
2026-04-02 21:30:32 [WARNING ] ares — UI DONMASI TESPİT EDİLDİ! 19.1 saniyedir yanıt yok (Don #9)
2026-04-02 21:30:34 [WARNING ] ares — UI DONMASI TESPİT EDİLDİ! 20.4 saniyedir yanıt yok (Don #10)
2026-04-02 21:30:35 [WARNING ] ares — UI DONMASI TESPİT EDİLDİ! 21.7 saniyedir yanıt yok (Don #11)
2026-04-02 21:30:36 [WARNING ] ares — UI DONMASI TESPİT EDİLDİ! 23.2 saniyedir yanıt yok (Don #12)
2026-04-02 21:30:38 [WARNING ] ares — UI DONMASI TESPİT EDİLDİ! 24.5 saniyedir yanıt yok (Don #13)
2026-04-02 21:30:39 [WARNING ] ares — UI DONMASI TESPİT EDİLDİ! 25.8 saniyedir yanıt yok (Don #14)
2026-04-02 21:30:40 [WARNING ] ares — UI DONMASI TESPİT EDİLDİ! 27.2 saniyedir yanıt yok (Don #15)
2026-04-02 21:30:42 [WARNING ] ares — UI DONMASI TESPİT EDİLDİ! 28.5 saniyedir yanıt yok (Don #16)
2026-04-02 21:30:43 [WARNING ] ares — UI DONMASI TESPİT EDİLDİ! 29.8 saniyedir yanıt yok (Don #17)
2026-04-02 21:30:44 [WARNING ] ares — UI DONMASI TESPİT EDİLDİ! 31.1 saniyedir yanıt yok (Don #18)
2026-04-02 21:30:46 [WARNING ] ares — UI DONMASI TESPİT EDİLDİ! 32.4 saniyedir yanıt yok (Don #19)
2026-04-02 21:30:47 [WARNING ] ares — UI DONMASI TESPİT EDİLDİ! 33.8 saniyedir yanıt yok (Don #20)
2026-04-02 21:30:49 [WARNING ] ares — UI DONMASI TESPİT EDİLDİ! 35.3 saniyedir yanıt yok (Don #21)
2026-04-02 21:30:50 [WARNING ] ares — UI DONMASI TESPİT EDİLDİ! 36.6 saniyedir yanıt yok (Don #22)
2026-04-02 21:30:51 [WARNING ] ares — UI DONMASI TESPİT EDİLDİ! 38.0 saniyedir yanıt yok (Don #23)
2026-04-02 21:30:53 [WARNING ] ares — UI DONMASI TESPİT EDİLDİ! 39.3 saniyedir yanıt yok (Don #24)
2026-04-02 21:30:54 [WARNING ] ares — UI DONMASI TESPİT EDİLDİ! 40.7 saniyedir yanıt yok (Don #25)
2026-04-02 21:30:55 [WARNING ] ares — UI DONMASI TESPİT EDİLDİ! 42.1 saniyedir yanıt yok (Don #26)
2026-04-02 21:30:57 [WARNING ] ares — UI DONMASI TESPİT EDİLDİ! 43.4 saniyedir yanıt yok (Don #27)
2026-04-02 21:30:58 [WARNING ] ares — UI DONMASI TESPİT EDİLDİ! 44.8 saniyedir yanıt yok (Don #28)
2026-04-02 21:33:04 [INFO    ] ares — 
============================================================
  ARES ENVANTER BAŞLADI
  Zaman   : 02.04.2026 21:33:04
  Sistem  : Windows 10
  Python  : 3.11.9
  Klasör  : C:\AresEnvanter
============================================================
2026-04-02 21:33:04 [INFO    ] ares — Önceki oturumdan 20 hata satırı mevcut
2026-04-02 21:33:06 [INFO    ] ares — UIWatchdog başlatıldı (eşik: 8.0s)
2026-04-02 21:33:21 [WARNING ] ares — UI DONMASI TESPİT EDİLDİ! 8.3 saniyedir yanıt yok (Don #1)
2026-04-02 21:33:22 [WARNING ] ares — UI DONMASI TESPİT EDİLDİ! 9.7 saniyedir yanıt yok (Don #2)
2026-04-02 21:33:23 [WARNING ] ares — UI DONMASI TESPİT EDİLDİ! 11.1 saniyedir yanıt yok (Don #3)
2026-04-02 21:33:25 [WARNING ] ares — UI DONMASI TESPİT EDİLDİ! 12.4 saniyedir yanıt yok (Don #4)
2026-04-02 21:33:26 [WARNING ] ares — UI DONMASI TESPİT EDİLDİ! 13.9 saniyedir yanıt yok (Don #5)
2026-04-02 21:33:28 [WARNING ] ares — UI DONMASI TESPİT EDİLDİ! 15.3 saniyedir yanıt yok (Don #6)
2026-04-02 21:33:29 [WARNING ] ares — UI DONMASI TESPİT EDİLDİ! 16.7 saniyedir yanıt yok (Don #7)
2026-04-02 21:33:30 [WARNING ] ares — UI DONMASI TESPİT EDİLDİ! 18.1 saniyedir yanıt yok (Don #8)
2026-04-02 21:33:32 [INFO    ] ares — UI normale döndü (don süresi: ~0.1s)
2026-04-02 21:35:40 [INFO    ] ares — Uygulama kapatıldı (kod: 0)
2026-04-02 21:35:43 [INFO    ] ares — 
============================================================
  ARES ENVANTER BAŞLADI
  Zaman   : 02.04.2026 21:35:43
  Sistem  : Windows 10
  Python  : 3.11.9
  Klasör  : C:\AresEnvanter
============================================================
2026-04-02 21:35:43 [INFO    ] ares — Önceki oturumdan 20 hata satırı mevcut
2026-04-02 21:35:46 [INFO    ] ares — UIWatchdog başlatıldı (eşik: 8.0s)
2026-04-02 21:35:51 [INFO    ] ares — Uygulama kapatıldı (kod: 0)
2026-04-02 21:36:14 [INFO    ] ares — 
============================================================
  ARES ENVANTER BAŞLADI
  Zaman   : 02.04.2026 21:36:14
  Sistem  : Windows 10
  Python  : 3.11.9
  Klasör  : C:\AresEnvanter
============================================================
2026-04-02 21:36:14 [INFO    ] ares — Önceki oturumdan 20 hata satırı mevcut
2026-04-02 21:36:19 [INFO    ] ares — 
============================================================
  ARES ENVANTER BAŞLADI
  Zaman   : 02.04.2026 21:36:19
  Sistem  : Windows 10
  Python  : 3.11.9
  Klasör  : C:\AresEnvanter
============================================================
2026-04-02 21:36:19 [INFO    ] ares — Önceki oturumdan 20 hata satırı mevcut
2026-04-02 21:38:49 [INFO    ] ares — 
============================================================
  ARES ENVANTER BAŞLADI
  Zaman   : 02.04.2026 21:38:49
  Sistem  : Windows 10
  Python  : 3.11.9
  Klasör  : C:\AresEnvanter
============================================================
2026-04-02 21:38:49 [INFO    ] ares — Önceki oturumdan 20 hata satırı mevcut
2026-04-02 21:38:49 [CRITICAL] ares — YAKALANMAYAN HATA
============================================================
Sistem: Windows 10 | Python: 3.11.9
Traceback (most recent call last):
  File "C:\AresEnvanter\main.py", line 449, in <module>
    main()
  File "C:\AresEnvanter\main.py", line 430, in main
    win = AresApp()
          ^^^^^^^^^
  File "C:\AresEnvanter\main.py", line 391, in __init__
    self.content = ContentArea()
                   ^^^^^^^^^^^^^
  File "C:\AresEnvanter\main.py", line 194, in __init__
    self._modul_ekle("stok", StokSayfasi(), "Stok & Etiket", "ÜRÜN YÖNETİMİ")
                             ^^^^^^^^^^^^^
  File "C:\AresEnvanter\modules\stok.py", line 277, in __init__
    self._build_ui()
  File "C:\AresEnvanter\modules\stok.py", line 371, in _build_ui
    self._kat_sec(KATEGORILER[0])
  File "C:\AresEnvanter\modules\stok.py", line 385, in _kat_sec
    self.yukle()
  File "C:\AresEnvanter\modules\stok.py", line 392, in yukle
    self._yukle_thread = StokYuklemeThread(self.aktif_kat)
                         ^^^^^^^^^^^^^^^^^
NameError: name 'StokYuklemeThread' is not defined
============================================================
2026-04-02 21:42:01 [INFO    ] ares — 
============================================================
  ARES ENVANTER BAŞLADI
  Zaman   : 02.04.2026 21:42:01
  Sistem  : Windows 10
  Python  : 3.11.9
  Klasör  : C:\AresEnvanter
============================================================
2026-04-02 21:42:01 [INFO    ] ares — Önceki oturumdan 20 hata satırı mevcut
2026-04-02 21:42:01 [INFO    ] ares — UIWatchdog başlatıldı (eşik: 8.0s)
2026-04-02 21:46:09 [WARNING ] ares — UI DONMASI TESPİT EDİLDİ! 8.2 saniyedir yanıt yok (Don #1)
2026-04-02 21:46:10 [WARNING ] ares — UI DONMASI TESPİT EDİLDİ! 9.3 saniyedir yanıt yok (Don #2)
2026-04-02 21:46:11 [WARNING ] ares — UI DONMASI TESPİT EDİLDİ! 10.4 saniyedir yanıt yok (Don #3)
2026-04-02 21:47:25 [INFO    ] ares — 
============================================================
  ARES ENVANTER BAŞLADI
  Zaman   : 02.04.2026 21:47:25
  Sistem  : Windows 10
  Python  : 3.11.9
  Klasör  : C:\AresEnvanter
============================================================
2026-04-02 21:47:25 [INFO    ] ares — Önceki oturumdan 20 hata satırı mevcut
2026-04-02 21:47:25 [INFO    ] ares — UIWatchdog başlatıldı (eşik: 8.0s)
2026-04-02 21:58:18 [INFO    ] ares — Uygulama kapatıldı (kod: 0)
2026-04-02 21:58:23 [INFO    ] ares — 
============================================================
  ARES ENVANTER BAŞLADI
  Zaman   : 02.04.2026 21:58:23
  Sistem  : Windows 10
  Python  : 3.11.9
  Klasör  : C:\AresEnvanter
============================================================
2026-04-02 21:58:23 [INFO    ] ares — Önceki oturumdan 20 hata satırı mevcut
2026-04-02 21:58:24 [INFO    ] ares — UIWatchdog başlatıldı (eşik: 8.0s)
2026-04-02 21:59:38 [CRITICAL] ares — YAKALANMAYAN HATA
============================================================
Sistem: Windows 10 | Python: 3.11.9
Traceback (most recent call last):
  File "C:\AresEnvanter\modules\genel.py", line 745, in _kural_duzenle
    dlg = KuralDialog(self, mevcut=r)
          ^^^^^^^^^^^^^^^^^^^^^^^^^^^
  File "C:\AresEnvanter\modules\genel.py", line 533, in __init__
    self.chk_tum = QCheckBox("Tüm ürünler (bu marka+grup için)")
                   ^^^^^^^^^
NameError: name 'QCheckBox' is not defined
============================================================
2026-04-02 21:59:41 [CRITICAL] ares — YAKALANMAYAN HATA
============================================================
Sistem: Windows 10 | Python: 3.11.9
Traceback (most recent call last):
  File "C:\AresEnvanter\modules\genel.py", line 722, in _kural_ekle
    dlg = KuralDialog(self)
          ^^^^^^^^^^^^^^^^^
  File "C:\AresEnvanter\modules\genel.py", line 533, in __init__
    self.chk_tum = QCheckBox("Tüm ürünler (bu marka+grup için)")
                   ^^^^^^^^^
NameError: name 'QCheckBox' is not defined
============================================================
2026-04-02 22:02:40 [INFO    ] ares — Uygulama kapatıldı (kod: 0)
2026-04-02 22:02:47 [INFO    ] ares — 
============================================================
  ARES ENVANTER BAŞLADI
  Zaman   : 02.04.2026 22:02:47
  Sistem  : Windows 10
  Python  : 3.11.9
  Klasör  : C:\AresEnvanter
============================================================
2026-04-02 22:02:47 [INFO    ] ares — Önceki oturumdan 20 hata satırı mevcut
2026-04-02 22:02:48 [INFO    ] ares — UIWatchdog başlatıldı (eşik: 8.0s)
2026-04-02 22:03:09 [INFO    ] ares — Uygulama kapatıldı (kod: 0)
2026-04-02 22:12:42 [INFO    ] ares — 
============================================================
  ARES ENVANTER BAŞLADI
  Zaman   : 02.04.2026 22:12:42
  Sistem  : Windows 10
  Python  : 3.11.9
  Klasör  : C:\AresEnvanter
============================================================
2026-04-02 22:12:42 [INFO    ] ares — UIWatchdog başlatıldı (eşik: 8.0s)
2026-04-02 22:13:03 [WARNING ] ares — UI DONMASI TESPİT EDİLDİ! 8.2 saniyedir yanıt yok (Don #1)
2026-04-02 22:16:13 [INFO    ] ares — 
============================================================
  ARES ENVANTER BAŞLADI
  Zaman   : 02.04.2026 22:16:13
  Sistem  : Windows 10
  Python  : 3.11.9
  Klasör  : C:\AresEnvanter
============================================================
2026-04-02 22:16:14 [INFO    ] ares — UIWatchdog başlatıldı (eşik: 8.0s)
2026-04-02 22:16:49 [CRITICAL] ares — YAKALANMAYAN HATA
============================================================
Sistem: Windows 10 | Python: 3.11.9
Traceback (most recent call last):
  File "C:\AresEnvanter\modules\genel.py", line 644, in _kural_ekle
    (d["kategori"], d["marka"])).fetchone()
     ~^^^^^^^^^^^^
TypeError: list indices must be integers or slices, not str
============================================================
2026-04-02 22:17:01 [INFO    ] ares — Uygulama kapandi
